[2026-03-18 16:07:52] [ACTION] Menu: Help selected
[2026-03-18 16:08:09] [ACTION] Menu: Project Scaffold selected
[2026-03-18 16:08:21] [ACTION] Menu: Automation Engine selected
[2026-03-18 16:08:40] [ACTION] Automation: Build completed
[2026-03-18 16:11:45] [ACTION] Menu: Super-Prompt Studio selected
[2026-03-18 16:11:45] [ACTION] Super-Prompt Studio: Launched
[2026-03-18 16:11:49] [ACTION] CLI: List plugins
[2026-03-18 16:14:00] [ACTION] CLI: Run hello-world --name=
[2026-03-18 16:14:13] [ACTION] CLI: Run promptor-matrix
[2026-03-18 16:15:30] [ACTION] CLI: Run promptor-matrix
[2026-03-18 16:17:54] [ACTION] CLI: List plugins
[2026-03-18 16:18:04] [ACTION] CLI: Run hello-world --name=
[2026-03-18 16:18:37] [ACTION] Menu: Project Scaffold selected
[2026-03-18 16:18:52] [ACTION] Scaffold created: test-project at C:\Users\bbrod\Projets\prompt-engineer-toolkit/../test-project
[2026-03-18 16:19:58] [ACTION] Menu: Health Check selected
[2026-03-18 16:19:58] [ACTION] Health Check: Started
[2026-03-18 16:20:01] [ACTION] Health Check: Completed (7/8 passed)
[2026-03-18 16:20:22] [ACTION] Menu: Settings selected
[2026-03-18 16:21:35] [ACTION] Menu: Help selected
[2026-03-18 16:24:22] [ACTION] Menu: Automation Engine selected
[2026-03-18 16:24:25] [ACTION] Automation: Running npm test
[2026-03-18 16:24:31] [ACTION] Automation: Tests completed
[2026-03-18 16:24:43] [ACTION] Menu: Invalid option ''
[2026-03-18 16:24:44] [ACTION] Menu: Invalid option ''
[2026-03-18 16:24:45] [ACTION] Menu: Invalid option ''
[2026-03-18 16:24:49] [ACTION] Menu: Automation Engine selected
[2026-03-18 16:24:53] [ACTION] Automation: Running npm test
[2026-03-18 16:24:55] [ACTION] Automation: Tests completed
[2026-03-18 16:33:14] [ACTION] Menu: Invalid option ''
[2026-03-18 16:33:15] [ACTION] Menu: Invalid option ''
[2026-03-18 16:33:17] [ACTION] Menu: Exit selected
[2026-03-18 16:35:31] [ACTION] Menu: Exit selected
[2026-03-18 20:21:46] [ACTION] Menu: Exit selected
[2026-03-18 20:22:00] [ACTION] Menu: Settings selected
[2026-03-18 20:22:18] [ACTION] Settings: Theme changed to default
[2026-03-18 20:22:29] [ACTION] Settings: Progress toggled to False
[2026-03-18 20:22:35] [ACTION] Settings: Progress toggled to True
[2026-03-18 20:22:56] [ACTION] Menu: Super-Prompt Studio selected
[2026-03-18 20:22:56] [ACTION] Super-Prompt Studio: Launched
[2026-03-18 20:23:12] [ACTION] Menu: Invalid option 'é'
[2026-03-18 20:23:16] [ACTION] Menu: Automation Engine selected
[2026-03-18 20:23:21] [ACTION] Automation: Running npm test
[2026-03-18 20:23:28] [ACTION] Automation: Tests completed
[2026-03-18 20:27:30] [ACTION] Menu: Exit selected
[2026-03-18 20:37:59] [ACTION] Menu: Exit selected
[2026-03-18 20:43:44] [ACTION] Menu: Automation Engine selected
[2026-03-18 20:43:49] [ACTION] Automation: Running npm test
[2026-03-18 20:43:51] [ACTION] Automation: Tests completed
[2026-03-18 20:49:00] [ACTION] Menu: Exit selected
[2026-03-18 21:03:24] [ACTION] Menu: Exit selected
[2026-03-18 21:03:53] [ACTION] Menu: Help selected
[2026-03-18 21:06:39] [ACTION] Menu: Exit selected
[2026-03-18 21:23:15] [ACTION] Menu: Exit selected
[2026-03-18 21:25:27] [ACTION] Menu: Automation Engine selected
[2026-03-18 21:25:32] [ACTION] Automation: Running npm test
[2026-03-18 21:25:33] [ACTION] Automation: Tests completed
[2026-03-18 21:32:08] [ACTION] Menu: Invalid option ''
[2026-03-18 21:32:09] [ACTION] Menu: Invalid option ''
[2026-03-18 21:32:11] [ACTION] Menu: Exit selected
[2026-03-18 21:33:46] [ACTION] Menu: Invalid option '? 2'
[2026-03-18 21:33:52] [ACTION] Menu: Automation Engine selected
[2026-03-18 21:33:55] [ACTION] Automation: Running npm test
[2026-03-18 21:33:57] [ACTION] Automation: Tests completed
[2026-03-18 21:34:54] [ACTION] Menu: Exit selected
[2026-03-18 21:46:21] [ACTION] Menu: Exit selected
[2026-03-18 21:50:01] [ACTION] Menu: Help selected
[2026-03-18 21:50:04] [ACTION] Menu: Invalid option ''
[2026-03-18 21:50:05] [ACTION] Menu: Invalid option ''
[2026-03-18 21:50:06] [ACTION] Menu: Invalid option ''
[2026-03-18 21:50:08] [ACTION] Menu: Invalid option ''
[2026-03-18 21:50:12] [ACTION] Menu: Automation Engine selected
[2026-03-18 21:50:14] [ACTION] Automation: Running npm test
[2026-03-18 21:50:16] [ACTION] Automation: Tests completed
[2026-03-18 21:50:33] [ACTION] Menu: Invalid option ''
[2026-03-18 21:50:34] [ACTION] Menu: Invalid option ''
[2026-03-18 21:50:41] [ACTION] Menu: Exit selected
[2026-03-18 21:56:41] [ACTION] Menu: Exit selected
[2026-03-18 21:58:12] [ACTION] Menu: Help selected
[2026-03-18 22:02:20] [ACTION] Menu: Exit selected
[2026-03-18 22:02:48] [ACTION] Menu: Exit selected
[2026-03-18 22:07:52] [ACTION] Menu: Automation Engine selected
[2026-03-18 22:07:55] [ACTION] Automation: Running npm test
[2026-03-18 22:07:57] [ACTION] Automation: Tests completed
[2026-03-18 22:11:46] [ACTION] Menu: Super-Prompt Studio selected
[2026-03-18 22:11:46] [ACTION] Super-Prompt Studio: Launched
[2026-03-18 22:12:09] [ACTION] CLI: List plugins
[2026-03-18 22:12:49] [ACTION] CLI: Run hello-world --name=
[2026-03-18 22:13:59] [ACTION] CLI: Run test
[2026-03-18 22:15:26] [ACTION] CLI: Run hello-world --name=
[2026-03-18 22:15:56] [ACTION] Menu: Project Scaffold selected
[2026-03-18 22:16:15] [ACTION] Scaffold created: Test-Projet at C:\Users\bbrod\Projets\prompt-engineer-toolkit/../Test-Projet
[2026-03-18 22:16:30] [ACTION] Menu: Health Check selected
[2026-03-18 22:16:30] [ACTION] Health Check: Started
[2026-03-18 22:16:33] [ACTION] Health Check: Completed (7/8 passed)
[2026-03-18 22:16:53] [ACTION] Menu: Super-Prompt Studio selected
[2026-03-18 22:16:54] [ACTION] Super-Prompt Studio: Launched
[2026-03-18 22:17:05] [ACTION] Menu: Super-Prompt Studio selected
[2026-03-18 22:17:05] [ACTION] Super-Prompt Studio: Launched
[2026-03-18 22:20:16] [ACTION] Menu: Invalid option ''
[2026-03-18 22:20:17] [ACTION] Menu: Invalid option ''
[2026-03-18 22:20:18] [ACTION] Menu: Invalid option ''
[2026-03-18 22:20:19] [ACTION] Menu: Invalid option ''
[2026-03-18 22:20:20] [ACTION] Menu: Invalid option ''
[2026-03-18 22:20:21] [ACTION] Menu: Invalid option ''
[2026-03-18 22:20:22] [ACTION] Menu: Invalid option ''
[2026-03-18 22:20:23] [ACTION] Menu: Exit selected
[2026-03-18 22:20:59] [ACTION] Menu: Help selected
[2026-03-18 22:21:02] [ACTION] Menu: Invalid option ''
[2026-03-18 22:21:04] [ACTION] Menu: Invalid option ''
[2026-03-18 22:21:05] [ACTION] Menu: Invalid option ''
[2026-03-18 22:21:06] [ACTION] Menu: Invalid option ''
[2026-03-18 22:21:11] [ACTION] Menu: Automation Engine selected
[2026-03-18 22:21:16] [ACTION] Automation: Running npm test
[2026-03-18 22:21:18] [ACTION] Automation: Tests completed
[2026-03-18 22:22:52] [ACTION] Menu: Invalid option ''
[2026-03-18 22:23:11] [ACTION] Menu: Automation Engine selected
[2026-03-18 22:23:14] [ACTION] Automation: Running npm test
[2026-03-18 22:23:15] [ACTION] Automation: Tests completed
[2026-03-18 22:24:22] [ACTION] Menu: Automation Engine selected
[2026-03-18 22:25:12] [ACTION] Menu: Invalid option ''
[2026-03-18 22:25:13] [ACTION] Menu: Invalid option ''
[2026-03-18 22:25:19] [ACTION] Menu: Docs Generator selected
[2026-03-18 22:25:19] [ACTION] Docs: Generation started
[2026-03-18 22:25:19] [ACTION] Docs: Generation completed
[2026-03-18 22:25:33] [ACTION] Menu: Health Check selected
[2026-03-18 22:25:33] [ACTION] Health Check: Started
[2026-03-18 22:25:36] [ACTION] Health Check: Completed (7/8 passed)
[2026-03-18 22:25:42] [ACTION] Menu: Automation Engine selected
[2026-03-18 22:25:45] [ACTION] Automation: Running npm test
[2026-03-18 22:25:46] [ACTION] Automation: Tests completed
[2026-03-18 22:26:39] [ACTION] Menu: Exit selected
[2026-03-18 22:30:55] [ACTION] Menu: Automation Engine selected
[2026-03-18 22:30:57] [ACTION] Automation: Running npm test
[2026-03-18 22:30:58] [ACTION] Automation: Tests completed
[2026-03-18 22:38:57] [ACTION] Menu: Exit selected
[2026-03-18 22:39:59] [ACTION] Menu: Automation Engine selected
[2026-03-18 22:40:01] [ACTION] Automation: Running npm test
[2026-03-18 22:40:03] [ACTION] Automation: Tests completed
[2026-03-18 22:55:05] [ACTION] Menu: Exit selected
